# JRE version: OpenJDK Runtime Environment (8.0_121-b13) (build 1.8.0_121-8u121-b13-0ubuntu1.16.04.2-b13)
# Java VM: OpenJDK 64-Bit Server VM (25.121-b13 mixed mode linux-amd64 compressed oops)
Heap:
 PSYoungGen      total 335360K, used 191456K [0x00000000eab00000, 0x0000000100000000, 0x0000000100000000)
  eden space 321024K, 57% used [0x00000000eab00000,0x00000000f5ed53e0,0x00000000fe480000)
  from space 14336K, 50% used [0x00000000ff200000,0x00000000ff922f70,0x0000000100000000)
  to   space 13824K, 0% used [0x00000000fe480000,0x00000000fe480000,0x00000000ff200000)
 ParOldGen       total 455680K, used 389154K [0x00000000c0000000, 0x00000000dbd00000, 0x00000000eab00000)
  object space 455680K, 85% used [0x00000000c0000000,0x00000000d7c08998,0x00000000dbd00000)
 Metaspace       used 59266K, capacity 62452K, committed 62720K, reserved 1103872K
  class space    used 8480K, capacity 9186K, committed 9216K, reserved 1048576K
GC Heap History (10 events):
Event: 201.900 GC heap before
{Heap before GC invocations=129 (full 3):
 PSYoungGen      total 333312K, used 325931K [0x00000000eab00000, 0x00000000fff80000, 0x0000000100000000)
  eden space 318976K, 100% used [0x00000000eab00000,0x00000000fe280000,0x00000000fe280000)
  from space 14336K, 48% used [0x00000000fe280000,0x00000000fe94adf0,0x00000000ff080000)
  to   space 13824K, 0% used [0x00000000ff200000,0x00000000ff200000,0x00000000fff80000)
 ParOldGen       total 455680K, used 384696K [0x00000000c0000000, 0x00000000dbd00000, 0x00000000eab00000)
  object space 455680K, 84% used [0x00000000c0000000,0x00000000d77ae348,0x00000000dbd00000)
 Metaspace       used 59100K, capacity 62260K, committed 62464K, reserved 1101824K
  class space    used 8461K, capacity 9186K, committed 9216K, reserved 1048576K
Event: 201.906 GC heap after
Heap after GC invocations=129 (full 3):
 PSYoungGen      total 333824K, used 7002K [0x00000000eab00000, 0x00000000ffe80000, 0x0000000100000000)
  eden space 321024K, 0% used [0x00000000eab00000,0x00000000eab00000,0x00000000fe480000)
  from space 12800K, 54% used [0x00000000ff200000,0x00000000ff8d6bc0,0x00000000ffe80000)
  to   space 13312K, 0% used [0x00000000fe480000,0x00000000fe480000,0x00000000ff180000)
 ParOldGen       total 455680K, used 384888K [0x00000000c0000000, 0x00000000dbd00000, 0x00000000eab00000)
  object space 455680K, 84% used [0x00000000c0000000,0x00000000d77de398,0x00000000dbd00000)
 Metaspace       used 59100K, capacity 62260K, committed 62464K, reserved 1101824K
  class space    used 8461K, capacity 9186K, committed 9216K, reserved 1048576K
}
Event: 203.696 GC heap before
{Heap before GC invocations=130 (full 3):
 PSYoungGen      total 333824K, used 328026K [0x00000000eab00000, 0x00000000ffe80000, 0x0000000100000000)
  eden space 321024K, 100% used [0x00000000eab00000,0x00000000fe480000,0x00000000fe480000)
  from space 12800K, 54% used [0x00000000ff200000,0x00000000ff8d6bc0,0x00000000ffe80000)
  to   space 13312K, 0% used [0x00000000fe480000,0x00000000fe480000,0x00000000ff180000)
 ParOldGen       total 455680K, used 384888K [0x00000000c0000000, 0x00000000dbd00000, 0x00000000eab00000)
  object space 455680K, 84% used [0x00000000c0000000,0x00000000d77de398,0x00000000dbd00000)
 Metaspace       used 59105K, capacity 62260K, committed 62464K, reserved 1101824K
  class space    used 8461K, capacity 9186K, committed 9216K, reserved 1048576K
Event: 203.704 GC heap after
Heap after GC invocations=130 (full 3):
 PSYoungGen      total 334336K, used 10692K [0x00000000eab00000, 0x0000000100000000, 0x0000000100000000)
  eden space 321024K, 0% used [0x00000000eab00000,0x00000000eab00000,0x00000000fe480000)
  from space 13312K, 80% used [0x00000000fe480000,0x00000000feef1110,0x00000000ff180000)
  to   space 13824K, 0% used [0x00000000ff280000,0x00000000ff280000,0x0000000100000000)
 ParOldGen       total 455680K, used 385153K [0x00000000c0000000, 0x00000000dbd00000, 0x00000000eab00000)
  object space 455680K, 84% used [0x00000000c0000000,0x00000000d7820408,0x00000000dbd00000)
 Metaspace       used 59105K, capacity 62260K, committed 62464K, reserved 1101824K
  class space    used 8461K, capacity 9186K, committed 9216K, reserved 1048576K
}
Event: 204.947 GC heap before
{Heap before GC invocations=131 (full 3):
 PSYoungGen      total 334336K, used 331716K [0x00000000eab00000, 0x0000000100000000, 0x0000000100000000)
  eden space 321024K, 100% used [0x00000000eab00000,0x00000000fe480000,0x00000000fe480000)
  from space 13312K, 80% used [0x00000000fe480000,0x00000000feef1110,0x00000000ff180000)
  to   space 13824K, 0% used [0x00000000ff280000,0x00000000ff280000,0x0000000100000000)
 ParOldGen       total 455680K, used 385153K [0x00000000c0000000, 0x00000000dbd00000, 0x00000000eab00000)
  object space 455680K, 84% used [0x00000000c0000000,0x00000000d7820408,0x00000000dbd00000)
 Metaspace       used 59106K, capacity 62260K, committed 62464K, reserved 1101824K
  class space    used 8461K, capacity 9186K, committed 9216K, reserved 1048576K
Event: 204.953 GC heap after
Heap after GC invocations=131 (full 3):
 PSYoungGen      total 335360K, used 7195K [0x00000000eab00000, 0x00000000fff80000, 0x0000000100000000)
  eden space 322048K, 0% used [0x00000000eab00000,0x00000000eab00000,0x00000000fe580000)
  from space 13312K, 54% used [0x00000000ff280000,0x00000000ff986cc0,0x00000000fff80000)
  to   space 13312K, 0% used [0x00000000fe580000,0x00000000fe580000,0x00000000ff280000)
 ParOldGen       total 455680K, used 385297K [0x00000000c0000000, 0x00000000dbd00000, 0x00000000eab00000)
  object space 455680K, 84% used [0x00000000c0000000,0x00000000d7844438,0x00000000dbd00000)
 Metaspace       used 59106K, capacity 62260K, committed 62464K, reserved 1101824K
  class space    used 8461K, capacity 9186K, committed 9216K, reserved 1048576K
}
Event: 206.217 GC heap before
{Heap before GC invocations=132 (full 3):
 PSYoungGen      total 335360K, used 329243K [0x00000000eab00000, 0x00000000fff80000, 0x0000000100000000)
  eden space 322048K, 100% used [0x00000000eab00000,0x00000000fe580000,0x00000000fe580000)
  from space 13312K, 54% used [0x00000000ff280000,0x00000000ff986cc0,0x00000000fff80000)
  to   space 13312K, 0% used [0x00000000fe580000,0x00000000fe580000,0x00000000ff280000)
 ParOldGen       total 455680K, used 385297K [0x00000000c0000000, 0x00000000dbd00000, 0x00000000eab00000)
  object space 455680K, 84% used [0x00000000c0000000,0x00000000d7844438,0x00000000dbd00000)
 Metaspace       used 59106K, capacity 62260K, committed 62464K, reserved 1101824K
  class space    used 8461K, capacity 9186K, committed 9216K, reserved 1048576K
Event: 206.224 GC heap after
Heap after GC invocations=132 (full 3):
 PSYoungGen      total 333312K, used 10965K [0x00000000eab00000, 0x0000000100000000, 0x0000000100000000)
  eden space 322048K, 0% used [0x00000000eab00000,0x00000000eab00000,0x00000000fe580000)
  from space 11264K, 97% used [0x00000000fe580000,0x00000000ff035450,0x00000000ff080000)
  to   space 14336K, 0% used [0x00000000ff200000,0x00000000ff200000,0x0000000100000000)
 ParOldGen       total 455680K, used 388986K [0x00000000c0000000, 0x00000000dbd00000, 0x00000000eab00000)
  object space 455680K, 85% used [0x00000000c0000000,0x00000000d7bde968,0x00000000dbd00000)
 Metaspace       used 59106K, capacity 62260K, committed 62464K, reserved 1101824K
  class space    used 8461K, capacity 9186K, committed 9216K, reserved 1048576K
}
Event: 207.781 GC heap before
{Heap before GC invocations=133 (full 3):
 PSYoungGen      total 333312K, used 333013K [0x00000000eab00000, 0x0000000100000000, 0x0000000100000000)
  eden space 322048K, 100% used [0x00000000eab00000,0x00000000fe580000,0x00000000fe580000)
  from space 11264K, 97% used [0x00000000fe580000,0x00000000ff035450,0x00000000ff080000)
  to   space 14336K, 0% used [0x00000000ff200000,0x00000000ff200000,0x0000000100000000)
 ParOldGen       total 455680K, used 388986K [0x00000000c0000000, 0x00000000dbd00000, 0x00000000eab00000)
  object space 455680K, 85% used [0x00000000c0000000,0x00000000d7bde968,0x00000000dbd00000)
 Metaspace       used 59107K, capacity 62260K, committed 62464K, reserved 1101824K
  class space    used 8461K, capacity 9186K, committed 9216K, reserved 1048576K
Event: 207.788 GC heap after
Heap after GC invocations=133 (full 3):
 PSYoungGen      total 335360K, used 7307K [0x00000000eab00000, 0x0000000100000000, 0x0000000100000000)
  eden space 321024K, 0% used [0x00000000eab00000,0x00000000eab00000,0x00000000fe480000)
  from space 14336K, 50% used [0x00000000ff200000,0x00000000ff922f70,0x0000000100000000)
  to   space 13824K, 0% used [0x00000000fe480000,0x00000000fe480000,0x00000000ff200000)
 ParOldGen       total 455680K, used 389154K [0x00000000c0000000, 0x00000000dbd00000, 0x00000000eab00000)
  object space 455680K, 85% used [0x00000000c0000000,0x00000000d7c08998,0x00000000dbd00000)
 Metaspace       used 59107K, capacity 62260K, committed 62464K, reserved 1101824K
  class space    used 8461K, capacity 9186K, committed 9216K, reserved 1048576K
}

